/usr/local/lib/python2.7/dist-packages/django/conf/urls/defaults.py:3: DeprecationWarning: django.conf.urls.defaults is deprecated; use django.conf.urls instead
  DeprecationWarning)

 "GET /task_state_info_list HTTP/1.1" 200 2743
 "GET /media/js/jquery-1.4.2.min.js HTTP/1.1" 404 2280
 "GET /media/css/basic.css HTTP/1.1" 404 2253
 "GET /media/mjs/table.js HTTP/1.1" 404 2250
 "GET /media/mjs/rrd.js HTTP/1.1" 404 2244
 "GET /media/mjs/rrd.js HTTP/1.1" 404 2244
 "GET /task_state_info_list HTTP/1.1" 200 2743
 "GET /media/css/basic.css HTTP/1.1" 404 2253
 "GET /media/js/jquery-1.4.2.min.js HTTP/1.1" 404 2280
 "GET /media/mjs/table.js HTTP/1.1" 404 2250
 "GET /media/mjs/rrd.js HTTP/1.1" 404 2244
 "GET /media/mjs/rrd.js HTTP/1.1" 404 2244
 "GET /task_state_info_list HTTP/1.1" 200 2743
 "GET /media/css/basic.css HTTP/1.1" 404 2253
 "GET /media/js/jquery-1.4.2.min.js HTTP/1.1" 404 2280
 "GET /media/mjs/table.js HTTP/1.1" 404 2250
 "GET /media/mjs/rrd.js HTTP/1.1" 404 2244
 "GET /job_add/ HTTP/1.1" 200 3287
 "GET /media/css/basic.css HTTP/1.1" 404 2253
 "GET /media/js/jquery-1.4.2.min.js HTTP/1.1" 404 2280
 "GET /task_state_info_list HTTP/1.1" 200 2743
 "GET /media/css/basic.css HTTP/1.1" 404 2253
 "GET /media/js/jquery-1.4.2.min.js HTTP/1.1" 404 2280
 "GET /media/mjs/rrd.js HTTP/1.1" 404 2244
 "GET /media/mjs/table.js HTTP/1.1" 404 2250
 "GET /media/mjs/rrd.js HTTP/1.1" 404 2244
 "GET /task_state_info_list HTTP/1.1" 200 2743
 "GET /media/css/basic.css HTTP/1.1" 404 2253
 "GET /media/js/jquery-1.4.2.min.js HTTP/1.1" 404 2280
 "GET /media/mjs/rrd.js HTTP/1.1" 404 2244
 "GET /media/mjs/table.js HTTP/1.1" 404 2250
 "GET /media/mjs/table.js HTTP/1.1" 404 2250
 "GET /media/mjs/rrd.js HTTP/1.1" 404 2244
 "GET /task_state_info_list HTTP/1.1" 200 2743
 "GET /media/css/basic.css HTTP/1.1" 404 2253
 "GET /media/mjs/table.js HTTP/1.1" 404 2250
 "GET /media/js/jquery-1.4.2.min.js HTTP/1.1" 404 2280
 "GET /media/mjs/rrd.js HTTP/1.1" 404 2244
 "GET /media/mjs/table.js HTTP/1.1" 404 2250
 "GET /media/mjs/rrd.js HTTP/1.1" 404 2244
 "GET /task_state_info_list HTTP/1.1" 200 2743
 "GET /media/css/basic.css HTTP/1.1" 404 2253
 "GET /media/js/jquery-1.4.2.min.js HTTP/1.1" 404 2280
 "GET /media/mjs/table.js HTTP/1.1" 404 2250
 "GET /media/mjs/rrd.js HTTP/1.1" 404 2244
 "GET /media/mjs/table.js HTTP/1.1" 404 2250
 "GET /media/mjs/rrd.js HTTP/1.1" 404 2244
 "GET /job_add/ HTTP/1.1" 200 3287
 "GET /media/css/basic.css HTTP/1.1" 404 2253
 "GET /media/js/jquery-1.4.2.min.js HTTP/1.1" 404 2280
 "GET /task_state_info_list HTTP/1.1" 200 2743
 "GET /media/css/basic.css HTTP/1.1" 404 2253
 "GET /media/js/jquery-1.4.2.min.js HTTP/1.1" 404 2280
 "GET /media/mjs/table.js HTTP/1.1" 404 2250
 "GET /media/mjs/rrd.js HTTP/1.1" 404 2244
 "GET /media/mjs/rrd.js HTTP/1.1" 404 2244
 "GET /task_state_info_list HTTP/1.1" 200 2743
 "GET /media/css/basic.css HTTP/1.1" 404 2253
 "GET /media/js/jquery-1.4.2.min.js HTTP/1.1" 404 2280
 "GET /media/mjs/table.js HTTP/1.1" 404 2250
 "GET /media/mjs/rrd.js HTTP/1.1" 404 2244
 "GET /job_add/ HTTP/1.1" 200 3287
 "GET /media/css/basic.css HTTP/1.1" 404 2253
 "GET /media/js/jquery-1.4.2.min.js HTTP/1.1" 404 2280
 "GET /task_state_info_list HTTP/1.1" 200 2743
 "GET /media/css/basic.css HTTP/1.1" 404 2253
 "GET /media/js/jquery-1.4.2.min.js HTTP/1.1" 404 2280
 "GET /media/mjs/rrd.js HTTP/1.1" 404 2244
 "GET /media/mjs/table.js HTTP/1.1" 404 2250
 "GET /media/mjs/rrd.js HTTP/1.1" 404 2244
 "GET /task_state_info_list HTTP/1.1" 200 2743
 "GET /media/css/basic.css HTTP/1.1" 404 2253
 "GET /media/js/jquery-1.4.2.min.js HTTP/1.1" 404 2280
 "GET /media/mjs/rrd.js HTTP/1.1" 404 2244
 "GET /media/mjs/table.js HTTP/1.1" 404 2250
 "GET /media/mjs/table.js HTTP/1.1" 404 2250
 "GET /media/mjs/rrd.js HTTP/1.1" 404 2244
 "GET /task_state_info_list HTTP/1.1" 200 2743
 "GET /media/css/basic.css HTTP/1.1" 404 2253
 "GET /media/mjs/table.js HTTP/1.1" 404 2250
 "GET /media/js/jquery-1.4.2.min.js HTTP/1.1" 404 2280
 "GET /media/mjs/rrd.js HTTP/1.1" 404 2244
 "GET /media/mjs/table.js HTTP/1.1" 404 2250
 "GET /media/mjs/rrd.js HTTP/1.1" 404 2244
 "GET /task_state_info_list HTTP/1.1" 200 2743
 "GET /media/css/basic.css HTTP/1.1" 404 2253
 "GET /media/js/jquery-1.4.2.min.js HTTP/1.1" 404 2280
 "GET /media/mjs/rrd.js HTTP/1.1" 404 2244
 "GET /media/mjs/table.js HTTP/1.1" 404 2250
 "GET /media/mjs/table.js HTTP/1.1" 404 2250
 "GET /media/mjs/rrd.js HTTP/1.1" 404 2244
 "GET /task_state_info_list HTTP/1.1" 200 2743
 "GET /media/css/basic.css HTTP/1.1" 404 2253
 "GET /media/mjs/table.js HTTP/1.1" 404 2250
 "GET /media/js/jquery-1.4.2.min.js HTTP/1.1" 404 2280
 "GET /media/mjs/rrd.js HTTP/1.1" 404 2244
 "GET /media/mjs/table.js HTTP/1.1" 404 2250
 "GET /media/mjs/rrd.js HTTP/1.1" 404 2244
 "GET /task_state_info_list HTTP/1.1" 200 2743
 "GET /media/css/basic.css HTTP/1.1" 404 2253
 "GET /media/mjs/table.js HTTP/1.1" 404 2250
 "GET /media/mjs/rrd.js HTTP/1.1" 404 2244
 "GET /media/mjs/rrd.js HTTP/1.1" 404 2244
 "GET /task_state_info_list HTTP/1.1" 200 5719
 "GET /media/css/basic.css HTTP/1.1" 404 2253
 "GET /media/mjs/table.js HTTP/1.1" 404 2250
 "GET /media/mjs/rrd.js HTTP/1.1" 404 2244
 "GET /media/mjs/table.js HTTP/1.1" 404 2250
 "GET /media/mjs/rrd.js HTTP/1.1" 404 2244
Validating models...

0 errors found
2019-08-19 17:49
Django version 1.5.1, using settings 'lynn.settings'
Development server is running at http://10.128.85.10:8000/
