384 WARNING /usr/local/lib/python2.7/dist-packages/django/conf/urls/defaults.py:3: DeprecationWarning: django.conf.urls.defaults is deprecated; use django.conf.urls instead
  DeprecationWarning)

384 WARNING /usr/local/lib/python2.7/dist-packages/django/conf/urls/defaults.py:3: DeprecationWarning: django.conf.urls.defaults is deprecated; use django.conf.urls instead
  DeprecationWarning)
738 WARNING /usr/local/lib/python2.7/dist-packages/django/conf/urls/defaults.py:3: DeprecationWarning: django.conf.urls.defaults is deprecated; use django.conf.urls instead
  DeprecationWarning)

738 WARNING /usr/local/lib/python2.7/dist-packages/django/conf/urls/defaults.py:3: DeprecationWarning: django.conf.urls.defaults is deprecated; use django.conf.urls instead
  DeprecationWarning)

774 ERROR Internal Server Error: /job_add/
Traceback (most recent call last):
  File "/usr/local/lib/python2.7/dist-packages/django/core/handlers/base.py", line 115, in get_response
    response = callback(request, *callback_args, **callback_kwargs)
  File "/home/yes/yesw/git/lynn-2.0.0/src/web/lynn/service/views.py", line 70, in job_add
    timeout = form.cleaned_date["timeout"]
AttributeError: 'JobSubmit' object has no attribute 'cleaned_date'
774 ERROR Internal Server Error: /job_add/
Traceback (most recent call last):
  File "/usr/local/lib/python2.7/dist-packages/django/core/handlers/base.py", line 115, in get_response
    response = callback(request, *callback_args, **callback_kwargs)
  File "/home/yes/yesw/git/lynn-2.0.0/src/web/lynn/service/views.py", line 70, in job_add
    timeout = form.cleaned_date["timeout"]
AttributeError: 'JobSubmit' object has no attribute 'cleaned_date'
934 WARNING /usr/local/lib/python2.7/dist-packages/django/conf/urls/defaults.py:3: DeprecationWarning: django.conf.urls.defaults is deprecated; use django.conf.urls instead
  DeprecationWarning)

934 WARNING /usr/local/lib/python2.7/dist-packages/django/conf/urls/defaults.py:3: DeprecationWarning: django.conf.urls.defaults is deprecated; use django.conf.urls instead
  DeprecationWarning)
